<?xml version="1.0" encoding="utf-8"?><testsuites name="pytest tests"><testsuite name="pytest" errors="0" failures="0" skipped="0" tests="20" time="7.326" timestamp="2026-07-18T17:22:21.587951+05:30" hostname="DESKTOP-BQTP5LV"><testcase classname="tests.phase1.test_api" name="test_register_success" time="0.408" /><testcase classname="tests.phase1.test_api" name="test_register_duplicate_email_fails" time="0.309" /><testcase classname="tests.phase1.test_api" name="test_login_success" time="0.544" /><testcase classname="tests.phase1.test_api" name="test_login_wrong_password_fails" time="0.524" /><testcase classname="tests.phase1.test_api" name="test_create_account_requires_auth" time="0.092" /><testcase classname="tests.phase1.test_api" name="test_create_account_success" time="0.543" /><testcase classname="tests.phase1.test_api" name="test_get_nonexistent_account_returns_404" time="0.532" /><testcase classname="tests.phase1.test_api" name="test_create_transaction_updates_account_balance" time="0.608" /><testcase classname="tests.phase1.test_db" name="test_transaction_persists_with_correct_foreign_key" time="0.557" /><testcase classname="tests.phase1.test_db" name="test_budget_unique_constraint_per_category_month_year" time="0.302" /><testcase classname="tests.phase1.test_db" name="test_deleting_account_cascades_to_transactions" time="0.566" /><testcase classname="tests.phase1.test_db" name="test_account_balance_correct_after_multiple_transactions" time="0.597" /><testcase classname="tests.phase1.test_unit" name="test_hash_password_produces_different_hash_each_time" time="0.733" /><testcase classname="tests.phase1.test_unit" name="test_verify_password_rejects_wrong_password" time="0.496" /><testcase classname="tests.phase1.test_unit" name="test_create_and_decode_access_token_round_trip" time="0.058" /><testcase classname="tests.phase1.test_unit" name="test_decode_access_token_rejects_garbage_token" time="0.059" /><testcase classname="tests.phase1.test_unit" name="test_budget_alert_fires_warning_at_80_percent" time="0.063" /><testcase classname="tests.phase1.test_unit" name="test_budget_alert_fires_exceeded_at_100_percent" time="0.072" /><testcase classname="tests.phase1.test_unit" name="test_budget_alert_does_not_duplicate_existing_alert" time="0.066" /><testcase classname="tests.phase1.test_unit" name="test_budget_alert_below_threshold_fires_nothing" time="0.057" /></testsuite></testsuites>